TadpoleMusic/proguard/seeds.txt
com.itap.voiceemoticon.R$anim: int alpha_in
com.itap.voiceemoticon.R$anim: int dialog_alert_enter
com.itap.voiceemoticon.R$anim: int dialog_alert_exit
com.itap.voiceemoticon.R$anim: int fade_in
com.itap.voiceemoticon.R$anim: int fade_out
com.itap.voiceemoticon.R$anim: int list_anim
com.itap.voiceemoticon.R$anim: int list_anim_layout
com.itap.voiceemoticon.R$anim: int music_title_sliding
com.itap.voiceemoticon.R$anim: int none
com.itap.voiceemoticon.R$anim: int popup_center_scale_in
com.itap.voiceemoticon.R$anim: int popup_center_scale_out
com.itap.voiceemoticon.R$anim: int rotate_self
com.itap.voiceemoticon.R$anim: int slide_down
com.itap.voiceemoticon.R$anim: int slide_in_from_bottom
com.itap.voiceemoticon.R$anim: int slide_in_from_top
com.itap.voiceemoticon.R$anim: int slide_left_in
com.itap.voiceemoticon.R$anim: int slide_left_out
com.itap.voiceemoticon.R$anim: int slide_out_to_bottom
com.itap.voiceemoticon.R$anim: int slide_out_to_top
com.itap.voiceemoticon.R$anim: int slide_right_in
com.itap.voiceemoticon.R$anim: int slide_right_out
com.itap.voiceemoticon.R$anim: int slide_up
com.itap.voiceemoticon.R$anim: int umeng_fb_slide_in_from_left
com.itap.voiceemoticon.R$anim: int umeng_fb_slide_in_from_right
com.itap.voiceemoticon.R$anim: int umeng_fb_slide_out_from_left
com.itap.voiceemoticon.R$anim: int umeng_fb_slide_out_from_right
com.itap.voiceemoticon.R$anim: int umeng_xp_fade_in
com.itap.voiceemoticon.R$anim: int umeng_xp_fade_out
com.itap.voiceemoticon.R$array: int pref_example_list_titles
com.itap.voiceemoticon.R$array: int pref_example_list_values
com.itap.voiceemoticon.R$array: int pref_sync_frequency_titles
com.itap.voiceemoticon.R$array: int pref_sync_frequency_values
com.itap.voiceemoticon.R$array: int setting_fontsize_options_realvalues
com.itap.voiceemoticon.R$array: int setting_fontsize_options_values
com.itap.voiceemoticon.R$attr: int actionBarDivider
com.itap.voiceemoticon.R$attr: int actionBarItemBackground
com.itap.voiceemoticon.R$attr: int actionBarSize
com.itap.voiceemoticon.R$attr: int actionBarSplitStyle
com.itap.voiceemoticon.R$attr: int actionBarStyle
com.itap.voiceemoticon.R$attr: int actionBarTabBarStyle
com.itap.voiceemoticon.R$attr: int actionBarTabStyle
com.itap.voiceemoticon.R$attr: int actionBarTabTextStyle
com.itap.voiceemoticon.R$attr: int actionBarWidgetTheme
com.itap.voiceemoticon.R$attr: int actionButtonStyle
com.itap.voiceemoticon.R$attr: int actionDropDownStyle
com.itap.voiceemoticon.R$attr: int actionMenuTextAppearance
com.itap.voiceemoticon.R$attr: int actionMenuTextColor
com.itap.voiceemoticon.R$attr: int actionModeBackground
com.itap.voiceemoticon.R$attr: int actionModeCloseButtonStyle
com.itap.voiceemoticon.R$attr: int actionModeCloseDrawable
com.itap.voiceemoticon.R$attr: int actionModePopupWindowStyle
com.itap.voiceemoticon.R$attr: int actionModeShareDrawable
com.itap.voiceemoticon.R$attr: int actionModeSplitBackground
com.itap.voiceemoticon.R$attr: int actionModeStyle
com.itap.voiceemoticon.R$attr: int actionOverflowButtonStyle
com.itap.voiceemoticon.R$attr: int actionSpinnerItemStyle
com.itap.voiceemoticon.R$attr: int activatedBackgroundIndicator
com.itap.voiceemoticon.R$attr: int activityChooserViewStyle
com.itap.voiceemoticon.R$attr: int background
com.itap.voiceemoticon.R$attr: int backgroundSplit
com.itap.voiceemoticon.R$bool: int abs__action_bar_embed_tabs
com.itap.voiceemoticon.R$bool: int abs__action_bar_expanded_action_views_exclusive
com.itap.voiceemoticon.R$bool: int abs__config_actionMenuItemAllCaps
com.itap.voiceemoticon.R$bool: int abs__config_allowActionMenuItemTextWithIcon
com.itap.voiceemoticon.R$bool: int abs__config_showMenuShortcutsWhenKeyboardPresent
com.itap.voiceemoticon.R$bool: int abs__split_action_bar_is_narrow
...
cn.waps.ad
cn.waps.ad: cn.waps.ac a
cn.waps.ad: ad(cn.waps.ac)
cn.waps.ad: void run()
cn.waps.ae
cn.waps.ae: java.lang.String a
cn.waps.ae: float b
cn.waps.ae: float c
cn.waps.ae: java.lang.String d
cn.waps.ae: int e
cn.waps.ae: java.lang.String f
cn.waps.ae: java.text.NumberFormat g
cn.waps.ae: java.lang.String h
cn.waps.ae: ae()
cn.waps.ae: void onReceive(android.content.Context,android.content.Intent)
cn.waps.ae: void a(java.lang.String,float,float,java.lang.String,int,java.lang.String)
cn.waps.af
cn.waps.af: android.app.Notification a
cn.waps.af: android.app.NotificationManager f
cn.waps.af: android.content.Context g
cn.waps.af: java.lang.String h
cn.waps.af: java.lang.String i
cn.waps.af: boolean b
cn.waps.af: boolean c
cn.waps.af: java.lang.String d
cn.waps.af: long e
cn.waps.af: java.util.Map j
cn.waps.af: java.util.concurrent.ScheduledExecutorService k
cn.waps.af: af(android.content.Context)
cn.waps.af: void a(android.view.View,java.lang.String,int,java.lang.String)
cn.waps.af: void a(android.view.View,java.lang.String,int,java.lang.String,java.lang.String)
cn.waps.af: void a(java.lang.String,int,java.lang.String)
cn.waps.af: void a(int,java.lang.String)
cn.waps.af: void a(int)
cn.waps.af: void <clinit>()
cn.waps.ag
cn.waps.ag: android.content.Context a
cn.waps.ag: java.lang.String b
cn.waps.ag: cn.waps.af c
cn.waps.ag: ag(cn.waps.af,android.content.Context,java.lang.String)
cn.waps.ag: void run()
cn.waps.ah
cn.waps.ah: java.lang.String e
cn.waps.ah: int a
cn.waps.ah: cn.waps.af b
cn.waps.ah: java.lang.String f
cn.waps.ah: android.content.SharedPreferences g
cn.waps.ah: android.content.SharedPreferences$Editor h
cn.waps.ah: boolean c
cn.waps.ah: boolean d
cn.waps.ah: ah(cn.waps.af,int,java.lang.String)
cn.waps.ah: ah(java.lang.String)
cn.waps.ah: void onReceive(android.content.Context,android.content.Intent)
cn.waps.ah: void <clinit>()
cn.waps.ai
cn.waps.ai: boolean b
cn.waps.ai: cn.waps.SDKUtils c
cn.waps.ai: android.content.Context d
cn.waps.ai: java.lang.String a
cn.waps.ai: ai(android.content.Context)
cn.waps.ai: ai()
cn.waps.ai: boolean a()
cn.waps.ai: void a(boolean)
cn.waps.ai: java.lang.String a(java.lang.String,java.lang.String)
cn.waps.ai: java.lang.String b(java.lang.String,java.lang.String)
cn.waps.ai: byte[] a(java.lang.String)
cn.waps.ai: java.lang.String a(byte[],java.lang.String)
cn.waps.ai: java.lang.String b()
cn.waps.ai: void <clinit>()
cn.waps.aj
cn.waps.aj: boolean a
cn.waps.aj: byte[] a(java.lang.String,int)
cn.waps.aj: byte[] a(byte[],int)
cn.waps.aj: byte[] a(byte[],int,int,int)
cn.waps.aj: java.lang.String b(byte[],int)
cn.waps.aj: byte[] c(byte[],int)
cn.waps.aj: byte[] b(byte[],int,int,int)
cn.waps.aj: aj()
cn.waps.aj: void <clinit>()
cn.waps.ak
cn.waps.ak: byte[] a
cn.waps.ak: int b
cn.waps.ak: ak()
cn.waps.al
cn.waps.al: int[] c
cn.waps.al: int[] d
cn.waps.al: int e
cn.waps.al: int f
cn.waps.al: int[] g
cn.waps.al: al(int,byte[])
cn.waps.al: boolean a(byte[],int,int,boolean)
cn.waps.al: void <clinit>()
cn.waps.am
cn.waps.am: byte[] h
cn.waps.am: byte[] i
cn.waps.am: byte[] j
cn.waps.am: int c
cn.waps.am: int k
cn.waps.am: boolean d
cn.waps.am: boolean e
cn.waps.am: boolean f
cn.waps.am: byte[] l
cn.waps.am: boolean g
cn.waps.am: am(int,byte[])
cn.waps.am: boolean a(byte[],int,int,boolean)
cn.waps.am: void <clinit>()