TadpoleMusic/proguard/mapping.txt
com.itap.voiceemoticon.VEApplication -> com.itap.voiceemoticon.VEApplication:
    android.content.SharedPreferences sPrefs -> b
    com.sina.weibo.sdk.api.IWeiboAPI sWeiboApi -> a
    com.itap.voiceemoticon.media.MusicPlayer mMusicPlayer -> c
    java.util.ArrayList sMusicCollectedCached -> d
    com.itap.voiceemoticon.api.VoiceEmoticonApi getVoiceEmoticonApi() -> a
    void onCreate() -> onCreate
    boolean getHideTitle() -> b
    void setHideTitle(boolean) -> a
    com.itap.voiceemoticon.media.MusicPlayer getMusicPlayer(android.content.Context) -> a
    void runOnThread(java.lang.Runnable) -> a
    boolean isCollected(android.content.Context,java.lang.String) -> a
    void reloadVoiceCollectedCache(android.content.Context) -> b
com.itap.voiceemoticon.activity.AboutActivity -> com.itap.voiceemoticon.activity.AboutActivity:
    void onCreate(android.os.Bundle) -> onCreate
    boolean onCreateOptionsMenu(com.actionbarsherlock.view.Menu) -> onCreateOptionsMenu
    boolean onOptionsItemSelected(com.actionbarsherlock.view.MenuItem) -> onOptionsItemSelected
    void onClick(android.view.View) -> onClick
    void onClick(android.app.Dialog,int) -> a
    void onResume() -> onResume
    void onPause() -> onPause
com.itap.voiceemoticon.activity.AboutActivity$1 -> com.itap.voiceemoticon.activity.a:
    com.itap.voiceemoticon.activity.AboutActivity this$0 -> a
    void onError(com.tencent.tauth.UiError) -> a
    void onComplete(org.json.JSONObject) -> a
    void onCancel() -> a
com.itap.voiceemoticon.activity.BaseDialog -> com.itap.voiceemoticon.activity.b:
    java.lang.Object mTag -> a
    void setTag(java.lang.Object) -> a
    java.lang.Object getTag() -> a
com.itap.voiceemoticon.activity.ByteCache -> com.itap.voiceemoticon.activity.c:
    java.io.File mFile -> a
    long getLength() -> a
    boolean isNotEmpty() -> b
    java.lang.String getString() -> c
    byte[] getBytes() -> d
    java.io.RandomAccessFile openRAS() -> e
com.itap.voiceemoticon.activity.HttpCache -> com.itap.voiceemoticon.activity.d:
    java.lang.String mCachePath -> a
    com.itap.voiceemoticon.activity.HttpGetProxy mHttpGetProxy -> b
    boolean exist() -> a
    com.itap.voiceemoticon.activity.ByteCache readCacheResponseHeader(java.lang.String) -> a
    com.itap.voiceemoticon.activity.ByteCache readCacheBody(java.lang.String) -> b
    int getContentLength() -> b
    boolean writeHeaderWithModified(java.io.OutputStream,int,int,int) -> a
    long getBodyLength() -> c
    int writeBodyCacheToLocalOut(java.io.OutputStream,long,int) -> a
    java.util.Properties readProperties() -> d
    void writeProperties(java.lang.String,java.util.Properties) -> a
    void writeCacheResponseHeader(byte[]) -> a
    java.io.RandomAccessFile openCacheResponseBody() -> e
    java.lang.String getCacheFilePath(java.lang.String,java.lang.String) -> a
    void writeCache(java.lang.String,java.lang.String,int,byte[]) -> a
    com.itap.voiceemoticon.activity.ByteCache readCache(java.lang.String,java.lang.String) -> b
    java.lang.String defaultCacheDir() -> f
    void close(java.io.Closeable) -> a
com.itap.voiceemoticon.activity.HttpGetProxy -> com.itap.voiceemoticon.activity.e:
    java.util.ArrayList comunicatorList -> a
    java.net.ServerSocket localServer -> b
    int mLocalPort -> c
    boolean mGoOnListening -> d
    java.lang.String getHostWithPort(java.lang.String) -> a
    java.lang.String getUriFromUrl(java.lang.String) -> b
    java.lang.String getProxyUrl(java.lang.String,java.lang.String) -> a
    boolean start() -> a
    void printStateInfo() -> b
    void stop() -> c
    void closeOpenedStreams() -> d
    void printErrLog(java.lang.String) -> c
    boolean access$0(com.itap.voiceemoticon.activity.HttpGetProxy) -> a
    java.net.ServerSocket access$1(com.itap.voiceemoticon.activity.HttpGetProxy) -> b
    int access$2(com.itap.voiceemoticon.activity.HttpGetProxy) -> c
    java.util.ArrayList access$3(com.itap.voiceemoticon.activity.HttpGetProxy) -> d
...
net.youmi.android.a.h.a.a -> net.youmi.android.a.h.a.a:
    java.lang.String a -> a
    java.lang.String b -> b
    long c -> c
    boolean d -> d
    boolean a() -> a
    java.lang.String h() -> h
    boolean d(java.lang.String) -> d
    void a(java.lang.String) -> a
    java.lang.String b() -> b
    void a(long) -> a
    long i() -> i
    java.lang.String j() -> j
net.youmi.android.a.h.a.b -> net.youmi.android.a.h.a.b:
    net.youmi.android.a.h.a.b a -> a
    net.youmi.android.a.h.a.b a(android.content.Context) -> a
    net.youmi.android.a.h.a.a a(java.lang.String) -> a
    boolean a(java.lang.String,java.lang.String,long) -> a
    boolean a(java.util.List) -> a
    boolean b(java.lang.String) -> b
net.youmi.android.a.h.b -> net.youmi.android.a.h.b:
    net.youmi.android.a.h.f js_SDK_Handler_ClearCurrentBrowserHistory() -> js_SDK_Handler_ClearCurrentBrowserHistory
    boolean js_SDK_Handler_RunOnUIThread(java.lang.Runnable) -> js_SDK_Handler_RunOnUIThread
net.youmi.android.a.h.b.a -> net.youmi.android.a.h.b.a:
    java.lang.String a(net.youmi.android.a.h.e,net.youmi.android.a.h.b,java.lang.String) -> a
net.youmi.android.a.h.b.a.a -> net.youmi.android.a.h.b.a.a:
    org.json.JSONObject a(net.youmi.android.a.h.e,net.youmi.android.a.h.b,org.json.JSONObject) -> a
net.youmi.android.a.h.b.a.b -> net.youmi.android.a.h.b.a.b:
    org.json.JSONObject a(net.youmi.android.a.h.e,net.youmi.android.a.h.b,org.json.JSONObject) -> a
net.youmi.android.a.h.b.a.c -> net.youmi.android.a.h.b.a.c:
    org.json.JSONObject a(net.youmi.android.a.h.e,net.youmi.android.a.h.b,org.json.JSONObject) -> a
net.youmi.android.a.h.b.a.d -> net.youmi.android.a.h.b.a.d:
    int[] a -> a
net.youmi.android.a.h.b.a.e -> net.youmi.android.a.h.b.a.e:
    org.json.JSONObject a(net.youmi.android.a.h.e,net.youmi.android.a.h.b,org.json.JSONObject) -> a
net.youmi.android.a.h.b.a.f -> net.youmi.android.a.h.b.a.f:
    org.json.JSONObject a(net.youmi.android.a.h.e,net.youmi.android.a.h.b,org.json.JSONObject) -> a
net.youmi.android.a.h.b.a.g -> net.youmi.android.a.h.b.a.g:
    org.json.JSONObject a(net.youmi.android.a.h.e,net.youmi.android.a.h.b,org.json.JSONObject) -> a
net.youmi.android.a.h.b.a.h -> net.youmi.android.a.h.b.a.h:
    org.json.JSONObject a(net.youmi.android.a.h.e,net.youmi.android.a.h.b,org.json.JSONObject) -> a
net.youmi.android.a.h.b.a.i -> net.youmi.android.a.h.b.a.i:
    org.json.JSONObject a(net.youmi.android.a.h.e,net.youmi.android.a.h.b,org.json.JSONObject) -> a
net.youmi.android.a.h.b.a.j -> net.youmi.android.a.h.b.a.j:
    org.json.JSONObject a(net.youmi.android.a.h.e,net.youmi.android.a.h.b) -> a
net.youmi.android.a.h.b.b -> net.youmi.android.a.h.b.b:
    net.youmi.android.a.h.y a -> a
    net.youmi.android.a.h.a b -> b
    void a(net.youmi.android.a.h.y) -> a
    void a(net.youmi.android.a.h.a) -> a
    java.lang.String a(org.json.JSONObject) -> a
    org.json.JSONObject a(int) -> a
    java.lang.String b(int) -> b
net.youmi.android.a.h.b.b.a -> net.youmi.android.a.h.b.b.a:
    org.json.JSONObject a(net.youmi.android.a.h.e,net.youmi.android.a.h.b) -> a
net.youmi.android.a.h.b.b.b -> net.youmi.android.a.h.b.b.b:
    int[] a -> a
net.youmi.android.a.h.b.b.c -> net.youmi.android.a.h.b.b.c:
    org.json.JSONObject a(net.youmi.android.a.h.e,net.youmi.android.a.h.b,org.json.JSONObject) -> a
net.youmi.android.a.h.b.b.d -> net.youmi.android.a.h.b.b.d:
    org.json.JSONObject a(net.youmi.android.a.h.e,net.youmi.android.a.h.b) -> a
net.youmi.android.a.h.b.b.e -> net.youmi.android.a.h.b.b.e:
    int[] a -> a
net.youmi.android.a.h.b.b.f -> net.youmi.android.a.h.b.b.f:
    org.json.JSONObject a(net.youmi.android.a.h.e,net.youmi.android.a.h.b,org.json.JSONObject) -> a
net.youmi.android.a.h.b.b.g -> net.youmi.android.a.h.b.b.g:
    int[] a -> a
net.youmi.android.a.h.b.b.h -> net.youmi.android.a.h.b.b.h:
    org.json.JSONObject a(net.youmi.android.a.h.e,net.youmi.android.a.h.b,org.json.JSONObject) -> a