TadpoleMusic/proguard/usage.txt
com.itap.voiceemoticon.AppRegister
com.itap.voiceemoticon.BuildConfig
com.itap.voiceemoticon.R
com.itap.voiceemoticon.R$anim
com.itap.voiceemoticon.R$array
com.itap.voiceemoticon.R$attr
com.itap.voiceemoticon.R$bool
com.itap.voiceemoticon.R$color
com.itap.voiceemoticon.R$dimen
com.itap.voiceemoticon.R$drawable
com.itap.voiceemoticon.R$id
com.itap.voiceemoticon.R$integer
com.itap.voiceemoticon.R$layout
com.itap.voiceemoticon.R$menu
com.itap.voiceemoticon.R$string
com.itap.voiceemoticon.R$style
com.itap.voiceemoticon.R$styleable
com.itap.voiceemoticon.VEApplication:
    public static final java.lang.String TAG
    public static final java.lang.String PREF_NAME
    public static final java.lang.String PREF_KEY_HIDE_TITLE
    private static com.tencent.tauth.Tencent sInstance
com.itap.voiceemoticon.activity.BaseDialog:
    11:12:public BaseDialog(android.content.Context,boolean,android.content.DialogInterface$OnCancelListener)
    19:20:public BaseDialog(android.content.Context)
com.itap.voiceemoticon.activity.ByteCache:
    74:95:public byte[] getBytes(int,int)
    99:127:public boolean isCacheExists(int,int)
com.itap.voiceemoticon.activity.HttpCache:
    private static final java.lang.String CONTENT_RANGE
    private static final java.lang.String CONTENT_LENGTH
    private static final java.lang.String MUSIC_CACHE_DIR
    55:57:public java.lang.String getCacheHeader()
    207:208:public void writeCacheResponseBody(int,byte[])
com.itap.voiceemoticon.activity.HttpGetProxy:
    public static final boolean DEBUG
    public static final java.lang.String LOCAL_IP_ADDRESS
    public static final int REMOTE_DEFAULT_PORT
    50:57:public static java.lang.String getHost(java.lang.String)
    125:125:public java.lang.String getProxyUrl(java.lang.String)
    211:211:public static void printLog(java.lang.Object)
com.itap.voiceemoticon.activity.HttpParser:
    private static final java.lang.String HEADER_PARSE_REGEX
    public static final java.lang.String HACK_KEY
    public static final java.lang.String HACK_REGEX
    public static final java.lang.String META_KEY
    public static final java.lang.String META_REGEX
    12:12:public HttpParser()
    94:104:public static com.itap.voiceemoticon.activity.HttpParser$RequestLine getRequestLine(java.io.InputStream)
    120:130:public static com.itap.voiceemoticon.activity.HttpParser$StatusLine getStatusLine(java.io.InputStream)
    151:158:public static java.lang.String getUri(java.lang.String)
    291:342:public static void main(java.lang.String[])
com.itap.voiceemoticon.activity.HttpParser$Range:
    26:26:public boolean isEmpty()
com.itap.voiceemoticon.activity.HttpParser$RequestLine:
    public static final java.lang.String METHOD_GET
com.itap.voiceemoticon.activity.HttpParser$StatusLine:
    public static final java.lang.String METHOD_GET
com.itap.voiceemoticon.activity.LocalRemoteIOComunicator:
    private static final java.lang.String HEADER_CONTENT_DELIMITER
    private static final java.lang.String LOCATION
    private static final java.lang.String CONTENT_LENGTH
com.itap.voiceemoticon.activity.MainActivity:
    private static final int UPDATE_TIME_TEXT_LOOP_SPAN
    private static final java.lang.String STATE_SELECTED_NAVIGATION_ITEM
    private static final int MENU_ITEM_ID_ABOUT
com.itap.voiceemoticon.activity.fragment.MyCollectFragment:
    private static final int HANDLER_FILL_LIST
com.itap.voiceemoticon.adapter.ArrayListAdapter
com.itap.voiceemoticon.adapter.VoiceAdapter:
    public static final int CMD_SHARE
    public static final int CMD_COLLECT
com.itap.voiceemoticon.api.Recommand
com.itap.voiceemoticon.api.VEHttpCaller:
    11:11:public VEHttpCaller()
com.itap.voiceemoticon.api.VEResponse:
    public static final java.lang.String KEY_STATUS
    public static final java.lang.String KEY_MSG
    public static final java.lang.String KEY_DATA
    public static final int STATUS_OK
    public static final int STATUS_DEFAULT_ERR
    public static final int STATUS_NO_RESPONSE
...
com.actionbarsherlock.internal.view.menu.MenuItemWrapper$1
com.actionbarsherlock.internal.view.menu.MenuPopupHelper:
    74:75:public MenuPopupHelper(android.content.Context,com.actionbarsherlock.internal.view.menu.MenuBuilder,android.view.View)
    228:228:public com.actionbarsherlock.internal.view.menu.MenuView getMenuView(android.view.ViewGroup)
    294:294:public int getId()
    299:299:public android.os.Parcelable onSaveInstanceState()
    304:304:public void onRestoreInstanceState(android.os.Parcelable)
com.actionbarsherlock.internal.view.menu.MenuPresenter:
    public abstract com.actionbarsherlock.internal.view.menu.MenuView getMenuView(android.view.ViewGroup)
    public abstract void setCallback(com.actionbarsherlock.internal.view.menu.MenuPresenter$Callback)
    public abstract int getId()
    public abstract android.os.Parcelable onSaveInstanceState()
    public abstract void onRestoreInstanceState(android.os.Parcelable)
com.actionbarsherlock.internal.view.menu.MenuView:
    public abstract int getWindowAnimations()
com.actionbarsherlock.internal.view.menu.MenuView$ItemView:
    public abstract void setTitle(java.lang.CharSequence)
    public abstract void setEnabled(boolean)
    public abstract void setCheckable(boolean)
    public abstract void setChecked(boolean)
    public abstract void setShortcut(boolean,char)
    public abstract void setIcon(android.graphics.drawable.Drawable)
    public abstract boolean showsIcon()
com.actionbarsherlock.internal.view.menu.MenuWrapper:
    34:34:public com.actionbarsherlock.view.MenuItem add(java.lang.CharSequence)
    39:39:public com.actionbarsherlock.view.MenuItem add(int)
    49:49:public com.actionbarsherlock.view.MenuItem add(int,int,int,int)
    53:57:private com.actionbarsherlock.view.SubMenu addInternal(android.view.SubMenu)
    62:62:public com.actionbarsherlock.view.SubMenu addSubMenu(java.lang.CharSequence)
    67:67:public com.actionbarsherlock.view.SubMenu addSubMenu(int)
    72:72:public com.actionbarsherlock.view.SubMenu addSubMenu(int,int,int,java.lang.CharSequence)
    77:77:public com.actionbarsherlock.view.SubMenu addSubMenu(int,int,int,int)
    83:92:public int addIntentOptions(int,int,int,android.content.ComponentName,android.content.Intent[],android.content.Intent,int,com.actionbarsherlock.view.MenuItem[])
    97:98:public void removeItem(int)
    102:103:public void removeGroup(int)
    107:109:public void clear()
    113:114:public void setGroupCheckable(int,boolean,boolean)
    118:119:public void setGroupVisible(int,boolean)
    123:124:public void setGroupEnabled(int,boolean)
    152:152:public int size()
    157:158:public com.actionbarsherlock.view.MenuItem getItem(int)
    163:164:public void close()
    168:168:public boolean performShortcut(int,android.view.KeyEvent,int)
    173:173:public boolean isShortcutKey(int,android.view.KeyEvent)
    178:178:public boolean performIdentifierAction(int,int)
com.actionbarsherlock.internal.view.menu.SubMenuBuilder:
    36:40:public SubMenuBuilder(android.content.Context,com.actionbarsherlock.internal.view.menu.MenuBuilder,com.actionbarsherlock.internal.view.menu.MenuItemImpl)
    54:55:public void setShortcutsVisible(boolean)
    87:88:public com.actionbarsherlock.view.SubMenu setIcon(android.graphics.drawable.Drawable)
    92:93:public com.actionbarsherlock.view.SubMenu setIcon(int)
    97:97:public com.actionbarsherlock.view.SubMenu setHeaderIcon(android.graphics.drawable.Drawable)
    101:101:public com.actionbarsherlock.view.SubMenu setHeaderIcon(int)
    105:105:public com.actionbarsherlock.view.SubMenu setHeaderTitle(java.lang.CharSequence)
    109:109:public com.actionbarsherlock.view.SubMenu setHeaderTitle(int)
    113:113:public com.actionbarsherlock.view.SubMenu setHeaderView(android.view.View)